<coverage branch-rate="0.0029354207436399216" branches-covered="6" branches-valid="2044" complexity="2.6483390607101946" line-rate="0.010535557506584723" lines-covered="48" lines-valid="4556" timestamp="1624283270320" version="2.0.3">
	<sources>
		<source>source</source>
	</sources>
	<packages>
		<package branch-rate="0.0" complexity="2.6702127659574466" line-rate="0.0" name="org.jfree.chart">
			<classes>
				<class branch-rate="1.0" complexity="1.0" filename="org/jfree/chart/ChartColor.java" line-rate="0.0" name="org.jfree.chart.ChartColor">
					<methods>
						</methods>
					</class>
				<class branch-rate="1.0" complexity="1.0" filename="org/jfree/chart/Drawable.java" line-rate="1.0" name="org.jfree.chart.Drawable">
					<methods>
					</methods>
					</class>
				<class branch-rate="0.0" complexity="2.763888888888889" filename="org/jfree/chart/JFreeChart.java" line-rate="0.0" name="org.jfree.chart.JFreeChart">
					<methods>
						</methods>
					</class>
				<class branch-rate="1.0" complexity="1.0" filename="org/jfree/chart/LegendItemSource.java" line-rate="1.0" name="org.jfree.chart.LegendItemSource">
					<methods>
					</methods>
					</class>
				<class branch-rate="0.0" complexity="2.6666666666666665" filename="org/jfree/chart/PaintMap.java" line-rate="0.0" name="org.jfree.chart.PaintMap">
					<methods>
						</methods>
					</class>
				<class branch-rate="0.0" complexity="2.6666666666666665" filename="org/jfree/chart/StrokeMap.java" line-rate="0.0" name="org.jfree.chart.StrokeMap">
					<methods>
						</methods>
					</class>
			</classes>
		</package>
		<package branch-rate="0.0" complexity="2.850467289719626" line-rate="0.0" name="org.jfree.chart.block">
			<classes>
				<class branch-rate="0.0" complexity="2.0833333333333335" filename="org/jfree/chart/block/AbstractBlock.java" line-rate="0.0" name="org.jfree.chart.block.AbstractBlock">
					<methods>
						</methods>
					</class>
				<class branch-rate="1.0" complexity="1.0" filename="org/jfree/chart/block/Arrangement.java" line-rate="1.0" name="org.jfree.chart.block.Arrangement">
					<methods>
					</methods>
					</class>
				<class branch-rate="1.0" complexity="1.0" filename="org/jfree/chart/block/Block.java" line-rate="1.0" name="org.jfree.chart.block.Block">
					<methods>
					</methods>
					</class>
				<class branch-rate="0.0" complexity="2.4545454545454546" filename="org/jfree/chart/block/BlockBorder.java" line-rate="0.0" name="org.jfree.chart.block.BlockBorder">
					<methods>
						</methods>
					</class>
				<class branch-rate="0.0" complexity="2.4285714285714284" filename="org/jfree/chart/block/BlockContainer.java" line-rate="0.0" name="org.jfree.chart.block.BlockContainer">
					<methods>
						</methods>
					</class>
				<class branch-rate="1.0" complexity="1.0" filename="org/jfree/chart/block/BlockFrame.java" line-rate="1.0" name="org.jfree.chart.block.BlockFrame">
					<methods>
					</methods>
					</class>
				<class branch-rate="0.0" complexity="5.363636363636363" filename="org/jfree/chart/block/ColumnArrangement.java" line-rate="0.0" name="org.jfree.chart.block.ColumnArrangement">
					<methods>
						</methods>
					</class>
				<class branch-rate="0.0" complexity="4.714285714285714" filename="org/jfree/chart/block/FlowArrangement.java" line-rate="0.0" name="org.jfree.chart.block.FlowArrangement">
					<methods>
						</methods>
					</class>
				<class branch-rate="0.0" complexity="3.5555555555555554" filename="org/jfree/chart/block/LineBorder.java" line-rate="0.0" name="org.jfree.chart.block.LineBorder">
					<methods>
						</methods>
					</class>
			</classes>
		</package>
		<package branch-rate="0.0" complexity="1.868421052631579" line-rate="0.0" name="org.jfree.chart.entity">
			<classes>
				<class branch-rate="0.0" complexity="2.65" filename="org/jfree/chart/entity/ChartEntity.java" line-rate="0.0" name="org.jfree.chart.entity.ChartEntity">
					<methods>
						</methods>
					</class>
				<class branch-rate="1.0" complexity="1.0" filename="org/jfree/chart/entity/EntityCollection.java" line-rate="1.0" name="org.jfree.chart.entity.EntityCollection">
					<methods>
					</methods>
					</class>
				<class branch-rate="1.0" complexity="1.0" filename="org/jfree/chart/entity/PieSectionEntity.java" line-rate="0.0" name="org.jfree.chart.entity.PieSectionEntity">
					<methods>
						</methods>
					</class>
			</classes>
		</package>
		<package branch-rate="0.0" complexity="1.6" line-rate="0.0" name="org.jfree.chart.event">
			<classes>
				<class branch-rate="1.0" complexity="1.0" filename="org/jfree/chart/event/AxisChangeListener.java" line-rate="1.0" name="org.jfree.chart.event.AxisChangeListener">
					<methods>
					</methods>
					</class>
				<class branch-rate="1.0" complexity="1.0" filename="org/jfree/chart/event/ChartChangeEvent.java" line-rate="0.0" name="org.jfree.chart.event.ChartChangeEvent">
					<methods>
						</methods>
					</class>
				<class branch-rate="0.0" complexity="3.4" filename="org/jfree/chart/event/ChartChangeEventType.java" line-rate="0.0" name="org.jfree.chart.event.ChartChangeEventType">
					<methods>
						</methods>
					</class>
				<class branch-rate="1.0" complexity="1.0" filename="org/jfree/chart/event/MarkerChangeListener.java" line-rate="1.0" name="org.jfree.chart.event.MarkerChangeListener">
					<methods>
					</methods>
					</class>
				<class branch-rate="1.0" complexity="1.0" filename="org/jfree/chart/event/PlotChangeEvent.java" line-rate="0.0" name="org.jfree.chart.event.PlotChangeEvent">
					<methods>
						</methods>
					</class>
				<class branch-rate="1.0" complexity="1.0" filename="org/jfree/chart/event/PlotChangeListener.java" line-rate="1.0" name="org.jfree.chart.event.PlotChangeListener">
					<methods>
					</methods>
					</class>
				<class branch-rate="1.0" complexity="1.0" filename="org/jfree/chart/event/TitleChangeEvent.java" line-rate="0.0" name="org.jfree.chart.event.TitleChangeEvent">
					<methods>
						</methods>
					</class>
				<class branch-rate="1.0" complexity="1.0" filename="org/jfree/chart/event/TitleChangeListener.java" line-rate="1.0" name="org.jfree.chart.event.TitleChangeListener">
					<methods>
					</methods>
					</class>
			</classes>
		</package>
		<package branch-rate="0.0" complexity="2.4285714285714284" line-rate="0.0" name="org.jfree.chart.labels">
			<classes>
				<class branch-rate="0.0" complexity="3.75" filename="org/jfree/chart/labels/AbstractPieItemLabelGenerator.java" line-rate="0.0" name="org.jfree.chart.labels.AbstractPieItemLabelGenerator">
					<methods>
						</methods>
					</class>
				<class branch-rate="1.0" complexity="1.0" filename="org/jfree/chart/labels/PieSectionLabelGenerator.java" line-rate="1.0" name="org.jfree.chart.labels.PieSectionLabelGenerator">
					<methods>
					</methods>
					</class>
				<class branch-rate="0.0" complexity="1.7272727272727273" filename="org/jfree/chart/labels/StandardPieSectionLabelGenerator.java" line-rate="0.0" name="org.jfree.chart.labels.StandardPieSectionLabelGenerator">
					<methods>
						</methods>
					</class>
			</classes>
		</package>
		<package branch-rate="0.0" complexity="2.975206611570248" line-rate="0.0" name="org.jfree.chart.plot">
			<classes>
				<class branch-rate="0.0" complexity="1.3333333333333333" filename="org/jfree/chart/plot/AbstractPieLabelDistributor.java" line-rate="0.0" name="org.jfree.chart.plot.AbstractPieLabelDistributor">
					<methods>
						</methods>
					</class>
				<class branch-rate="0.0" complexity="3.5294117647058822" filename="org/jfree/chart/plot/DefaultDrawingSupplier.java" line-rate="0.0" name="org.jfree.chart.plot.DefaultDrawingSupplier">
					<methods>
						</methods>
					</class>
				<class branch-rate="1.0" complexity="1.0" filename="org/jfree/chart/plot/DrawingSupplier.java" line-rate="1.0" name="org.jfree.chart.plot.DrawingSupplier">
					<methods>
					</methods>
					</class>
				<class branch-rate="0.0" complexity="3.6666666666666665" filename="org/jfree/chart/plot/MultiplePiePlot.java" line-rate="0.0" name="org.jfree.chart.plot.MultiplePiePlot">
					<methods>
						</methods>
					</class>
				<class branch-rate="0.0" complexity="3.0" filename="org/jfree/chart/plot/PieLabelDistributor.java" line-rate="0.0" name="org.jfree.chart.plot.PieLabelDistributor">
					<methods>
						</methods>
					</class>
				<class branch-rate="0.0" complexity="2.8" filename="org/jfree/chart/plot/PieLabelLinkStyle.java" line-rate="0.0" name="org.jfree.chart.plot.PieLabelLinkStyle">
					<methods>
						</methods>
					</class>
				<class branch-rate="0.0" complexity="2.9741379310344827" filename="org/jfree/chart/plot/PiePlot.java" line-rate="0.0" name="org.jfree.chart.plot.PiePlot">
					<methods>
						</methods>
					</class>
				<class branch-rate="0.0" complexity="2.9516129032258065" filename="org/jfree/chart/plot/Plot.java" line-rate="0.0" name="org.jfree.chart.plot.Plot">
					<methods>
						</methods>
					</class>
			</classes>
		</package>
		<package branch-rate="1.0" complexity="1.0" line-rate="0.0" name="org.jfree.chart.resources">
			<classes>
				<class branch-rate="1.0" complexity="1.0" filename="org/jfree/chart/resources/JFreeChartResources.java" line-rate="0.0" name="org.jfree.chart.resources.JFreeChartResources">
					<methods>
						</methods>
					</class>
			</classes>
		</package>
		<package branch-rate="1.0" complexity="1.0" line-rate="1.0" name="org.jfree.chart.text">
			<classes>
				<class branch-rate="1.0" complexity="1.0" filename="org/jfree/chart/text/TextMeasurer.java" line-rate="1.0" name="org.jfree.chart.text.TextMeasurer">
					<methods>
					</methods>
					</class>
			</classes>
		</package>
		<package branch-rate="0.0" complexity="3.1728395061728394" line-rate="0.0" name="org.jfree.chart.title">
			<classes>
				<class branch-rate="0.0" complexity="2.5" filename="org/jfree/chart/title/LegendTitle.java" line-rate="0.0" name="org.jfree.chart.title.LegendTitle">
					<methods>
						</methods>
					</class>
				<class branch-rate="0.0" complexity="4.096774193548387" filename="org/jfree/chart/title/TextTitle.java" line-rate="0.0" name="org.jfree.chart.title.TextTitle">
					<methods>
						</methods>
					</class>
				<class branch-rate="0.0" complexity="2.75" filename="org/jfree/chart/title/Title.java" line-rate="0.0" name="org.jfree.chart.title.Title">
					<methods>
						</methods>
					</class>
			</classes>
		</package>
		<package branch-rate="0.0" complexity="1.7173913043478262" line-rate="0.0" name="org.jfree.chart.ui">
			<classes>
				<class branch-rate="0.0" complexity="2.0" filename="org/jfree/chart/ui/BasicProjectInfo.java" line-rate="0.0" name="org.jfree.chart.ui.BasicProjectInfo">
					<methods>
						</methods>
					</class>
				<class branch-rate="0.0" complexity="2.0" filename="org/jfree/chart/ui/BasicProjectInfo.java" line-rate="0.0" name="org.jfree.chart.ui.BasicProjectInfo$OptionalLibraryHolder">
					<methods>
						</methods>
					</class>
				<class branch-rate="1.0" complexity="1.0" filename="org/jfree/chart/ui/Contributor.java" line-rate="0.0" name="org.jfree.chart.ui.Contributor">
					<methods>
						</methods>
					</class>
				<class branch-rate="0.0" complexity="1.75" filename="org/jfree/chart/ui/Library.java" line-rate="0.0" name="org.jfree.chart.ui.Library">
					<methods>
						</methods>
					</class>
				<class branch-rate="0.0" complexity="1.3333333333333333" filename="org/jfree/chart/ui/Licences.java" line-rate="0.0" name="org.jfree.chart.ui.Licences">
					<methods>
						</methods>
					</class>
				<class branch-rate="0.0" complexity="1.4444444444444444" filename="org/jfree/chart/ui/ProjectInfo.java" line-rate="0.0" name="org.jfree.chart.ui.ProjectInfo">
					<methods>
						</methods>
					</class>
			</classes>
		</package>
		<package branch-rate="0.0" complexity="2.922222222222222" line-rate="0.0" name="org.jfree.chart.util">
			<classes>
				<class branch-rate="0.0" complexity="3.0" filename="org/jfree/chart/util/AbstractObjectList.java" line-rate="0.0" name="org.jfree.chart.util.AbstractObjectList">
					<methods>
						</methods>
					</class>
				<class branch-rate="0.0" complexity="2.8" filename="org/jfree/chart/util/HorizontalAlignment.java" line-rate="0.0" name="org.jfree.chart.util.HorizontalAlignment">
					<methods>
						</methods>
					</class>
				<class branch-rate="1.0" complexity="1.0" filename="org/jfree/chart/util/ObjectList.java" line-rate="0.0" name="org.jfree.chart.util.ObjectList">
					<methods>
						</methods>
					</class>
				<class branch-rate="1.0" complexity="1.0" filename="org/jfree/chart/util/PublicCloneable.java" line-rate="1.0" name="org.jfree.chart.util.PublicCloneable">
					<methods>
					</methods>
					</class>
				<class branch-rate="0.0" complexity="5.714285714285714" filename="org/jfree/chart/util/RectangleAnchor.java" line-rate="0.0" name="org.jfree.chart.util.RectangleAnchor">
					<methods>
						</methods>
					</class>
				<class branch-rate="0.0" complexity="3.2222222222222223" filename="org/jfree/chart/util/RectangleEdge.java" line-rate="0.0" name="org.jfree.chart.util.RectangleEdge">
					<methods>
						</methods>
					</class>
				<class branch-rate="0.0" complexity="2.4827586206896552" filename="org/jfree/chart/util/RectangleInsets.java" line-rate="0.0" name="org.jfree.chart.util.RectangleInsets">
					<methods>
						</methods>
					</class>
				<class branch-rate="0.0" complexity="2.6666666666666665" filename="org/jfree/chart/util/Rotation.java" line-rate="0.0" name="org.jfree.chart.util.Rotation">
					<methods>
						</methods>
					</class>
				<class branch-rate="0.0" complexity="3.0" filename="org/jfree/chart/util/TableOrder.java" line-rate="0.0" name="org.jfree.chart.util.TableOrder">
					<methods>
						</methods>
					</class>
				<class branch-rate="0.0" complexity="3.0" filename="org/jfree/chart/util/UnitType.java" line-rate="0.0" name="org.jfree.chart.util.UnitType">
					<methods>
						</methods>
					</class>
				<class branch-rate="0.0" complexity="3.4" filename="org/jfree/chart/util/VerticalAlignment.java" line-rate="0.0" name="org.jfree.chart.util.VerticalAlignment">
					<methods>
						</methods>
					</class>
			</classes>
		</package>
		<package branch-rate="0.0" complexity="2.425" line-rate="0.0" name="org.jfree.data">
			<classes>
				<class branch-rate="0.0" complexity="3.4782608695652173" filename="org/jfree/data/DefaultKeyedValues2D.java" line-rate="0.0" name="org.jfree.data.DefaultKeyedValues2D">
					<methods>
						</methods>
					</class>
				<class branch-rate="1.0" complexity="1.0" filename="org/jfree/data/KeyedValues.java" line-rate="1.0" name="org.jfree.data.KeyedValues">
					<methods>
					</methods>
					</class>
				<class branch-rate="1.0" complexity="1.0" filename="org/jfree/data/KeyedValues2D.java" line-rate="1.0" name="org.jfree.data.KeyedValues2D">
					<methods>
					</methods>
					</class>
				<class branch-rate="1.0" complexity="1.0" filename="org/jfree/data/UnknownKeyException.java" line-rate="0.0" name="org.jfree.data.UnknownKeyException">
					<methods>
						</methods>
					</class>
				<class branch-rate="1.0" complexity="1.0" filename="org/jfree/data/Values.java" line-rate="1.0" name="org.jfree.data.Values">
					<methods>
					</methods>
					</class>
				<class branch-rate="1.0" complexity="1.0" filename="org/jfree/data/Values2D.java" line-rate="1.0" name="org.jfree.data.Values2D">
					<methods>
					</methods>
					</class>
			</classes>
		</package>
		<package branch-rate="0.0" complexity="1.64" line-rate="0.0" name="org.jfree.data.category">
			<classes>
				<class branch-rate="1.0" complexity="0.0" filename="org/jfree/data/category/CategoryDataset.java" line-rate="1.0" name="org.jfree.data.category.CategoryDataset">
					<methods>
					</methods>
					</class>
				<class branch-rate="0.0" complexity="1.64" filename="org/jfree/data/category/DefaultCategoryDataset.java" line-rate="0.0" name="org.jfree.data.category.DefaultCategoryDataset">
					<methods>
						</methods>
					</class>
			</classes>
		</package>
		<package branch-rate="0.0" complexity="1.5" line-rate="0.0" name="org.jfree.data.general">
			<classes>
				<class branch-rate="0.0" complexity="1.3333333333333333" filename="org/jfree/data/general/AbstractDataset.java" line-rate="0.0" name="org.jfree.data.general.AbstractDataset">
					<methods>
						</methods>
					</class>
				<class branch-rate="1.0" complexity="1.0" filename="org/jfree/data/general/Dataset.java" line-rate="1.0" name="org.jfree.data.general.Dataset">
					<methods>
					</methods>
					</class>
				<class branch-rate="1.0" complexity="1.0" filename="org/jfree/data/general/DatasetChangeEvent.java" line-rate="0.0" name="org.jfree.data.general.DatasetChangeEvent">
					<methods>
						</methods>
					</class>
				<class branch-rate="1.0" complexity="1.0" filename="org/jfree/data/general/DatasetChangeListener.java" line-rate="1.0" name="org.jfree.data.general.DatasetChangeListener">
					<methods>
					</methods>
					</class>
				<class branch-rate="0.0" complexity="2.6" filename="org/jfree/data/general/DatasetGroup.java" line-rate="0.0" name="org.jfree.data.general.DatasetGroup">
					<methods>
						</methods>
					</class>
				<class branch-rate="1.0" complexity="0.0" filename="org/jfree/data/general/PieDataset.java" line-rate="1.0" name="org.jfree.data.general.PieDataset">
					<methods>
					</methods>
					</class>
			</classes>
		</package>
		<package branch-rate="0.05172413793103448" complexity="2.488372093023256" line-rate="0.24615384615384617" name="org.jfree.data.time">
			<classes>
				<class branch-rate="1.0" complexity="0.0" filename="org/jfree/data/time/MonthConstants.java" line-rate="1.0" name="org.jfree.data.time.MonthConstants">
					<methods>
					</methods>
					</class>
				<class branch-rate="0.0" complexity="2.0" filename="org/jfree/data/time/RegularTimePeriod.java" line-rate="0.06060606060606061" name="org.jfree.data.time.RegularTimePeriod">
					<methods>
						<method branch-rate="1.0" line-rate="1.0" name="&lt;clinit&gt;" signature="()V">
							<lines>
								<line branch="false" hits="1" number="161" />
							</lines>
						</method>
						<method branch-rate="1.0" line-rate="1.0" name="&lt;init&gt;" signature="()V">
							<lines>
								<line branch="false" hits="6" number="70" />
							</lines>
						</method>
						</methods>
					</class>
				<class branch-rate="1.0" complexity="1.0" filename="org/jfree/data/time/TimePeriod.java" line-rate="1.0" name="org.jfree.data.time.TimePeriod">
					<methods>
					</methods>
					</class>
				<class branch-rate="1.0" complexity="1.0" filename="org/jfree/data/time/TimePeriodFormatException.java" line-rate="0.0" name="org.jfree.data.time.TimePeriodFormatException">
					<methods>
						</methods>
					</class>
				<class branch-rate="0.08823529411764706" complexity="2.96" filename="org/jfree/data/time/Week.java" line-rate="0.2875" name="org.jfree.data.time.Week">
					<methods>
						<method branch-rate="0.25" line-rate="0.8571428571428571" name="&lt;init&gt;" signature="(II)V">
							<lines>
								<line branch="false" hits="4" number="126" />
								<line branch="true" condition-coverage="25% (1/4)" hits="4" number="127">
									<conditions>
										<condition coverage="50%" number="0" type="jump" />
										<condition coverage="0%" number="1" type="jump" />
									</conditions>
								</line>
								<line branch="false" hits="4" number="131" />
								<line branch="false" hits="4" number="132" />
								<line branch="false" hits="4" number="133" />
								<line branch="false" hits="4" number="134" />
							</lines>
						</method>
						<method branch-rate="1.0" line-rate="1.0" name="&lt;init&gt;" signature="(Ljava/util/Date;Ljava/util/TimeZone;)V">
							<lines>
								<line branch="false" hits="2" number="174" />
								<line branch="false" hits="2" number="175" />
							</lines>
						</method>
						<method branch-rate="0.35714285714285715" line-rate="0.7" name="&lt;init&gt;" signature="(Ljava/util/Date;Ljava/util/TimeZone;Ljava/util/Locale;)V">
							<lines>
								<line branch="false" hits="2" number="187" />
								<line branch="true" condition-coverage="50% (1/2)" hits="2" number="188">
									<conditions>
										<condition coverage="50%" number="0" type="jump" />
									</conditions>
								</line>
								<line branch="true" condition-coverage="50% (1/2)" hits="2" number="191">
									<conditions>
										<condition coverage="50%" number="0" type="jump" />
									</conditions>
								</line>
								<line branch="true" condition-coverage="50% (1/2)" hits="2" number="194">
									<conditions>
										<condition coverage="50%" number="0" type="jump" />
									</conditions>
								</line>
								<line branch="false" hits="2" number="197" />
								<line branch="false" hits="2" number="198" />
								<line branch="false" hits="2" number="203" />
								<line branch="true" condition-coverage="25% (1/4)" hits="2" number="204">
									<conditions>
										<condition coverage="50%" number="0" type="jump" />
										<condition coverage="0%" number="1" type="jump" />
									</conditions>
								</line>
								<line branch="false" hits="2" number="210" />
								<line branch="false" hits="2" number="211" />
								<line branch="true" condition-coverage="25% (1/4)" hits="2" number="214">
									<conditions>
										<condition coverage="50%" number="0" type="jump" />
										<condition coverage="0%" number="1" type="jump" />
									</conditions>
								</line>
								<line branch="false" hits="2" number="218" />
								<line branch="false" hits="2" number="220" />
								<line branch="false" hits="2" number="221" />
							</lines>
						</method>
						<method branch-rate="1.0" line-rate="1.0" name="getFirstMillisecond" signature="(Ljava/util/Calendar;)J">
							<lines>
								<line branch="false" hits="6" number="379" />
								<line branch="false" hits="6" number="380" />
								<line branch="false" hits="6" number="381" />
								<line branch="false" hits="6" number="382" />
								<line branch="false" hits="6" number="383" />
								<line branch="false" hits="6" number="384" />
								<line branch="false" hits="6" number="385" />
								<line branch="false" hits="6" number="386" />
								<line branch="false" hits="6" number="387" />
								<line branch="false" hits="6" number="389" />
							</lines>
						</method>
						<method branch-rate="1.0" line-rate="1.0" name="getLastMillisecond" signature="(Ljava/util/Calendar;)J">
							<lines>
								<line branch="false" hits="6" number="404" />
								<line branch="false" hits="6" number="405" />
								<line branch="false" hits="6" number="406" />
								<line branch="false" hits="6" number="407" />
								<line branch="false" hits="6" number="408" />
								<line branch="false" hits="6" number="409" />
								<line branch="false" hits="6" number="410" />
								<line branch="false" hits="6" number="411" />
								<line branch="false" hits="6" number="412" />
								<line branch="false" hits="6" number="414" />
							</lines>
						</method>
						<method branch-rate="1.0" line-rate="1.0" name="getWeek" signature="()I">
							<lines>
								<line branch="false" hits="2" number="247" />
							</lines>
						</method>
						<method branch-rate="1.0" line-rate="1.0" name="peg" signature="(Ljava/util/Calendar;)V">
							<lines>
								<line branch="false" hits="6" number="287" />
								<line branch="false" hits="6" number="288" />
								<line branch="false" hits="6" number="289" />
							</lines>
						</method>
						</methods>
					</class>
			</classes>
		</package>
	</packages>
</coverage>