<coverage branch-rate="0.03202328966521106" branches-covered="22" branches-valid="687" complexity="2.4285714285714284" line-rate="0.06753069577080491" lines-covered="99" lines-valid="1466" timestamp="1624286136814" version="2.0.3">
	<sources>
		<source>source</source>
	</sources>
	<packages>
		<package branch-rate="0.0" complexity="4.05" line-rate="0.0" name="org.jfree.chart.util">
			<classes>
				<class branch-rate="0.0" complexity="4.2105263157894735" filename="org/jfree/chart/util/ObjectUtilities.java" line-rate="0.0" name="org.jfree.chart.util.ObjectUtilities">
					<methods>
						</methods>
					</class>
				<class branch-rate="1.0" complexity="1.0" filename="org/jfree/chart/util/PublicCloneable.java" line-rate="1.0" name="org.jfree.chart.util.PublicCloneable">
					<methods>
					</methods>
					</class>
			</classes>
		</package>
		<package branch-rate="0.0" complexity="2.467741935483871" line-rate="0.0" name="org.jfree.data">
			<classes>
				<class branch-rate="0.0" complexity="2.772727272727273" filename="org/jfree/data/DefaultKeyedValues.java" line-rate="0.0" name="org.jfree.data.DefaultKeyedValues">
					<methods>
						</methods>
					</class>
				<class branch-rate="0.0" complexity="3.260869565217391" filename="org/jfree/data/DefaultKeyedValues2D.java" line-rate="0.0" name="org.jfree.data.DefaultKeyedValues2D">
					<methods>
						</methods>
					</class>
				<class branch-rate="1.0" complexity="1.0" filename="org/jfree/data/KeyedValues.java" line-rate="1.0" name="org.jfree.data.KeyedValues">
					<methods>
					</methods>
					</class>
				<class branch-rate="1.0" complexity="1.0" filename="org/jfree/data/KeyedValues2D.java" line-rate="1.0" name="org.jfree.data.KeyedValues2D">
					<methods>
					</methods>
					</class>
				<class branch-rate="1.0" complexity="1.0" filename="org/jfree/data/UnknownKeyException.java" line-rate="0.0" name="org.jfree.data.UnknownKeyException">
					<methods>
						</methods>
					</class>
				<class branch-rate="1.0" complexity="1.0" filename="org/jfree/data/Values.java" line-rate="1.0" name="org.jfree.data.Values">
					<methods>
					</methods>
					</class>
				<class branch-rate="1.0" complexity="1.0" filename="org/jfree/data/Values2D.java" line-rate="1.0" name="org.jfree.data.Values2D">
					<methods>
					</methods>
					</class>
			</classes>
		</package>
		<package branch-rate="0.0" complexity="1.64" line-rate="0.0" name="org.jfree.data.category">
			<classes>
				<class branch-rate="1.0" complexity="0.0" filename="org/jfree/data/category/CategoryDataset.java" line-rate="1.0" name="org.jfree.data.category.CategoryDataset">
					<methods>
					</methods>
					</class>
				<class branch-rate="0.0" complexity="1.64" filename="org/jfree/data/category/DefaultCategoryDataset.java" line-rate="0.0" name="org.jfree.data.category.DefaultCategoryDataset">
					<methods>
						</methods>
					</class>
			</classes>
		</package>
		<package branch-rate="0.06" complexity="1.6304347826086956" line-rate="0.14634146341463414" name="org.jfree.data.general">
			<classes>
				<class branch-rate="0.0" complexity="1.3333333333333333" filename="org/jfree/data/general/AbstractDataset.java" line-rate="0.0" name="org.jfree.data.general.AbstractDataset">
					<methods>
						</methods>
					</class>
				<class branch-rate="1.0" complexity="1.0" filename="org/jfree/data/general/Dataset.java" line-rate="1.0" name="org.jfree.data.general.Dataset">
					<methods>
					</methods>
					</class>
				<class branch-rate="1.0" complexity="1.0" filename="org/jfree/data/general/DatasetChangeEvent.java" line-rate="0.0" name="org.jfree.data.general.DatasetChangeEvent">
					<methods>
						</methods>
					</class>
				<class branch-rate="0.0" complexity="2.6" filename="org/jfree/data/general/DatasetGroup.java" line-rate="0.0" name="org.jfree.data.general.DatasetGroup">
					<methods>
						</methods>
					</class>
				<class branch-rate="0.1" complexity="1.85" filename="org/jfree/data/general/Series.java" line-rate="0.25" name="org.jfree.data.general.Series">
					<methods>
						<method branch-rate="1.0" line-rate="1.0" name="&lt;init&gt;" signature="(Ljava/lang/Comparable;)V">
							<lines>
								<line branch="false" hits="4" number="102" />
								<line branch="false" hits="4" number="103" />
							</lines>
						</method>
						<method branch-rate="0.5" line-rate="0.8888888888888888" name="&lt;init&gt;" signature="(Ljava/lang/Comparable;Ljava/lang/String;)V">
							<lines>
								<line branch="false" hits="4" number="111" />
								<line branch="true" condition-coverage="50% (1/2)" hits="4" number="112">
									<conditions>
										<condition coverage="50%" number="0" type="jump" />
									</conditions>
								</line>
								<line branch="false" hits="4" number="115" />
								<line branch="false" hits="4" number="116" />
								<line branch="false" hits="4" number="117" />
								<line branch="false" hits="4" number="118" />
								<line branch="false" hits="4" number="119" />
								<line branch="false" hits="4" number="120" />
							</lines>
						</method>
						<method branch-rate="0.5" line-rate="1.0" name="fireSeriesChanged" signature="()V">
							<lines>
								<line branch="true" condition-coverage="50% (1/2)" hits="12" number="313">
									<conditions>
										<condition coverage="50%" number="0" type="jump" />
									</conditions>
								</line>
								<line branch="false" hits="12" number="314" />
								<line branch="false" hits="12" number="316" />
							</lines>
						</method>
						<method branch-rate="0.16666666666666666" line-rate="0.6" name="notifyListeners" signature="(Lorg/jfree/data/general/SeriesChangeEvent;)V">
							<lines>
								<line branch="false" hits="12" number="326" />
								<line branch="true" condition-coverage="50% (1/2)" hits="12" number="327">
									<conditions>
										<condition coverage="50%" number="0" type="jump" />
									</conditions>
								</line>
								<line branch="false" hits="12" number="334" />
							</lines>
						</method>
						</methods>
					</class>
				<class branch-rate="1.0" complexity="1.0" filename="org/jfree/data/general/SeriesChangeEvent.java" line-rate="1.0" name="org.jfree.data.general.SeriesChangeEvent">
					<methods>
						<method branch-rate="1.0" line-rate="1.0" name="&lt;init&gt;" signature="(Ljava/lang/Object;)V">
							<lines>
								<line branch="false" hits="12" number="61" />
								<line branch="false" hits="12" number="62" />
							</lines>
						</method>
					</methods>
					</class>
				<class branch-rate="1.0" complexity="1.0" filename="org/jfree/data/general/SeriesChangeListener.java" line-rate="1.0" name="org.jfree.data.general.SeriesChangeListener">
					<methods>
					</methods>
					</class>
				<class branch-rate="1.0" complexity="1.0" filename="org/jfree/data/general/SeriesException.java" line-rate="0.0" name="org.jfree.data.general.SeriesException">
					<methods>
						</methods>
					</class>
			</classes>
		</package>
		<package branch-rate="0.04308390022675737" complexity="2.5275229357798166" line-rate="0.0916289592760181" name="org.jfree.data.time">
			<classes>
				<class branch-rate="0.0" complexity="2.0" filename="org/jfree/data/time/Day.java" line-rate="0.044444444444444446" name="org.jfree.data.time.Day">
					<methods>
						<method branch-rate="1.0" line-rate="1.0" name="&lt;clinit&gt;" signature="()V">
							<lines>
								<line branch="false" hits="1" number="83" />
								<line branch="false" hits="1" number="88" />
								<line branch="false" hits="1" number="92" />
								<line branch="false" hits="1" number="96" />
							</lines>
						</method>
						</methods>
					</class>
				<class branch-rate="0.0" complexity="1.4705882352941178" filename="org/jfree/data/time/FixedMillisecond.java" line-rate="0.0" name="org.jfree.data.time.FixedMillisecond">
					<methods>
						</methods>
					</class>
				<class branch-rate="0.0" complexity="2.391304347826087" filename="org/jfree/data/time/Month.java" line-rate="0.0" name="org.jfree.data.time.Month">
					<methods>
						</methods>
					</class>
				<class branch-rate="1.0" complexity="0.0" filename="org/jfree/data/time/MonthConstants.java" line-rate="1.0" name="org.jfree.data.time.MonthConstants">
					<methods>
					</methods>
					</class>
				<class branch-rate="0.0" complexity="2.0" filename="org/jfree/data/time/RegularTimePeriod.java" line-rate="0.06060606060606061" name="org.jfree.data.time.RegularTimePeriod">
					<methods>
						<method branch-rate="1.0" line-rate="1.0" name="&lt;clinit&gt;" signature="()V">
							<lines>
								<line branch="false" hits="1" number="161" />
							</lines>
						</method>
						<method branch-rate="1.0" line-rate="1.0" name="&lt;init&gt;" signature="()V">
							<lines>
								<line branch="false" hits="12" number="70" />
							</lines>
						</method>
						</methods>
					</class>
				<class branch-rate="0.0" complexity="3.0" filename="org/jfree/data/time/SerialDate.java" line-rate="0.0" name="org.jfree.data.time.SerialDate">
					<methods>
						</methods>
					</class>
				<class branch-rate="0.0" complexity="2.5" filename="org/jfree/data/time/SpreadsheetDate.java" line-rate="0.0" name="org.jfree.data.time.SpreadsheetDate">
					<methods>
						</methods>
					</class>
				<class branch-rate="1.0" complexity="1.0" filename="org/jfree/data/time/TimePeriod.java" line-rate="1.0" name="org.jfree.data.time.TimePeriod">
					<methods>
					</methods>
					</class>
				<class branch-rate="1.0" complexity="1.0" filename="org/jfree/data/time/TimePeriodFormatException.java" line-rate="0.0" name="org.jfree.data.time.TimePeriodFormatException">
					<methods>
						</methods>
					</class>
				<class branch-rate="0.10869565217391304" complexity="3.1363636363636362" filename="org/jfree/data/time/TimeSeries.java" line-rate="0.17204301075268819" name="org.jfree.data.time.TimeSeries">
					<methods>
						<method branch-rate="0.5" line-rate="1.0" name="&lt;init&gt;" signature="(Ljava/lang/Comparable;)V">
							<lines>
								<line branch="true" condition-coverage="50% (1/2)" hits="1" number="139">
									<conditions>
										<condition coverage="50%" number="0" type="jump" />
									</conditions>
								</line>
								<line branch="false" hits="1" number="141" />
							</lines>
						</method>
						<method branch-rate="1.0" line-rate="1.0" name="&lt;init&gt;" signature="(Ljava/lang/Comparable;Ljava/lang/Class;)V">
							<lines>
								<line branch="false" hits="3" number="152" />
								<line branch="false" hits="3" number="154" />
							</lines>
						</method>
						<method branch-rate="1.0" line-rate="1.0" name="&lt;init&gt;" signature="(Ljava/lang/Comparable;Ljava/lang/String;Ljava/lang/String;Ljava/lang/Class;)V">
							<lines>
								<line branch="false" hits="4" number="171" />
								<line branch="false" hits="4" number="172" />
								<line branch="false" hits="4" number="173" />
								<line branch="false" hits="4" number="174" />
								<line branch="false" hits="4" number="175" />
								<line branch="false" hits="4" number="176" />
								<line branch="false" hits="4" number="177" />
								<line branch="false" hits="4" number="178" />
							</lines>
						</method>
						<method branch-rate="1.0" line-rate="1.0" name="add" signature="(Lorg/jfree/data/time/RegularTimePeriod;Ljava/lang/Number;)V">
							<lines>
								<line branch="false" hits="12" number="585" />
								<line branch="false" hits="12" number="586" />
							</lines>
						</method>
						<method branch-rate="1.0" line-rate="1.0" name="add" signature="(Lorg/jfree/data/time/RegularTimePeriod;Ljava/lang/Number;Z)V">
							<lines>
								<line branch="false" hits="12" number="599" />
								<line branch="false" hits="12" number="600" />
								<line branch="false" hits="12" number="601" />
							</lines>
						</method>
						<method branch-rate="0.5" line-rate="0.4358974358974359" name="add" signature="(Lorg/jfree/data/time/TimeSeriesDataItem;Z)V">
							<lines>
								<line branch="true" condition-coverage="50% (1/2)" hits="12" number="488">
									<conditions>
										<condition coverage="50%" number="0" type="jump" />
									</conditions>
								</line>
								<line branch="true" condition-coverage="50% (1/2)" hits="12" number="491">
									<conditions>
										<condition coverage="50%" number="0" type="jump" />
									</conditions>
								</line>
								<line branch="false" hits="12" number="503" />
								<line branch="false" hits="12" number="504" />
								<line branch="true" condition-coverage="100% (2/2)" hits="12" number="505">
									<conditions>
										<condition coverage="100%" number="0" type="jump" />
									</conditions>
								</line>
								<line branch="false" hits="3" number="506" />
								<line branch="false" hits="3" number="507" />
								<line branch="false" hits="9" number="510" />
								<line branch="true" condition-coverage="50% (1/2)" hits="9" number="511">
									<conditions>
										<condition coverage="50%" number="0" type="jump" />
									</conditions>
								</line>
								<line branch="false" hits="9" number="512" />
								<line branch="false" hits="9" number="513" />
								<line branch="true" condition-coverage="50% (1/2)" hits="12" number="533">
									<conditions>
										<condition coverage="50%" number="0" type="jump" />
									</conditions>
								</line>
								<line branch="true" condition-coverage="50% (1/2)" hits="12" number="535">
									<conditions>
										<condition coverage="50%" number="0" type="jump" />
									</conditions>
								</line>
								<line branch="false" hits="12" number="539" />
								<line branch="true" condition-coverage="50% (1/2)" hits="12" number="542">
									<conditions>
										<condition coverage="50%" number="0" type="jump" />
									</conditions>
								</line>
								<line branch="false" hits="12" number="543" />
								<line branch="false" hits="12" number="547" />
							</lines>
						</method>
						<method branch-rate="1.0" line-rate="1.0" name="class$" signature="(Ljava/lang/String;)Ljava/lang/Class;">
							<lines>
								<line branch="false" hits="1" number="140" />
							</lines>
						</method>
						<method branch-rate="1.0" line-rate="0.5" name="clone" signature="()Ljava/lang/Object;">
							<lines>
								<line branch="false" hits="1" number="856" />
								</lines>
						</method>
						<method branch-rate="0.25" line-rate="0.2" name="createCopy" signature="(II)Lorg/jfree/data/time/TimeSeries;">
							<lines>
								<line branch="true" condition-coverage="50% (1/2)" hits="1" number="875">
									<conditions>
										<condition coverage="50%" number="0" type="jump" />
									</conditions>
								</line>
								<line branch="true" condition-coverage="50% (1/2)" hits="1" number="878">
									<conditions>
										<condition coverage="50%" number="0" type="jump" />
									</conditions>
								</line>
								<line branch="false" hits="1" number="879" />
								</lines>
						</method>
						<method branch-rate="1.0" line-rate="1.0" name="getDataItem" signature="(I)Lorg/jfree/data/time/TimeSeriesDataItem;">
							<lines>
								<line branch="false" hits="27" number="338" />
							</lines>
						</method>
						<method branch-rate="1.0" line-rate="1.0" name="getItemCount" signature="()I">
							<lines>
								<line branch="false" hits="55" number="237" />
							</lines>
						</method>
						<method branch-rate="1.0" line-rate="1.0" name="getTimePeriod" signature="(I)Lorg/jfree/data/time/RegularTimePeriod;">
							<lines>
								<line branch="false" hits="27" number="369" />
							</lines>
						</method>
						<method branch-rate="0.5" line-rate="0.6666666666666666" name="removeAgedItems" signature="(Z)V">
							<lines>
								<line branch="true" condition-coverage="100% (2/2)" hits="12" number="737">
									<conditions>
										<condition coverage="100%" number="0" type="jump" />
									</conditions>
								</line>
								<line branch="false" hits="9" number="738" />
								<line branch="false" hits="9" number="739" />
								<line branch="true" condition-coverage="50% (1/2)" hits="9" number="741">
									<conditions>
										<condition coverage="50%" number="0" type="jump" />
									</conditions>
								</line>
								<line branch="true" condition-coverage="25% (1/4)" hits="9" number="745">
									<conditions>
										<condition coverage="50%" number="0" type="jump" />
										<condition coverage="0%" number="1" type="jump" />
									</conditions>
								</line>
								<line branch="false" hits="12" number="749" />
							</lines>
						</method>
						</methods>
					</class>
				<class branch-rate="0.041666666666666664" complexity="3.2222222222222223" filename="org/jfree/data/time/TimeSeriesDataItem.java" line-rate="0.13953488372093023" name="org.jfree.data.time.TimeSeriesDataItem">
					<methods>
						<method branch-rate="0.5" line-rate="0.8333333333333334" name="&lt;init&gt;" signature="(Lorg/jfree/data/time/RegularTimePeriod;Ljava/lang/Number;)V">
							<lines>
								<line branch="false" hits="12" number="92" />
								<line branch="true" condition-coverage="50% (1/2)" hits="12" number="93">
									<conditions>
										<condition coverage="50%" number="0" type="jump" />
									</conditions>
								</line>
								<line branch="false" hits="12" number="96" />
								<line branch="false" hits="12" number="97" />
								<line branch="false" hits="12" number="98" />
							</lines>
						</method>
						<method branch-rate="1.0" line-rate="1.0" name="getPeriod" signature="()Lorg/jfree/data/time/RegularTimePeriod;">
							<lines>
								<line branch="false" hits="48" number="116" />
							</lines>
						</method>
						</methods>
					</class>
				<class branch-rate="0.16666666666666666" complexity="2.0" filename="org/jfree/data/time/Year.java" line-rate="0.3442622950819672" name="org.jfree.data.time.Year">
					<methods>
						<method branch-rate="0.5" line-rate="0.8333333333333334" name="&lt;init&gt;" signature="(I)V">
							<lines>
								<line branch="false" hits="12" number="96" />
								<line branch="true" condition-coverage="50% (2/4)" hits="12" number="97">
									<conditions>
										<condition coverage="50%" number="0" type="jump" />
										<condition coverage="50%" number="1" type="jump" />
									</conditions>
								</line>
								<line branch="false" hits="12" number="103" />
								<line branch="false" hits="12" number="104" />
								<line branch="false" hits="12" number="105" />
							</lines>
						</method>
						<method branch-rate="0.25" line-rate="0.625" name="compareTo" signature="(Ljava/lang/Object;)I">
							<lines>
								<line branch="true" condition-coverage="50% (1/2)" hits="9" number="317">
									<conditions>
										<condition coverage="50%" number="0" type="jump" />
									</conditions>
								</line>
								<line branch="false" hits="9" number="318" />
								<line branch="false" hits="9" number="319" />
								<line branch="false" hits="9" number="320" />
								<line branch="false" hits="9" number="336" />
							</lines>
						</method>
						<method branch-rate="1.0" line-rate="1.0" name="getFirstMillisecond" signature="(Ljava/util/Calendar;)J">
							<lines>
								<line branch="false" hits="12" number="233" />
								<line branch="false" hits="12" number="234" />
								<line branch="false" hits="12" number="237" />
							</lines>
						</method>
						<method branch-rate="1.0" line-rate="1.0" name="getLastMillisecond" signature="(Ljava/util/Calendar;)J">
							<lines>
								<line branch="false" hits="12" number="252" />
								<line branch="false" hits="12" number="253" />
								<line branch="false" hits="12" number="256" />
							</lines>
						</method>
						<method branch-rate="1.0" line-rate="1.0" name="getSerialIndex" signature="()J">
							<lines>
								<line branch="false" hits="18" number="218" />
							</lines>
						</method>
						<method branch-rate="1.0" line-rate="1.0" name="getYear" signature="()I">
							<lines>
								<line branch="false" hits="9" number="136" />
							</lines>
						</method>
						<method branch-rate="1.0" line-rate="1.0" name="peg" signature="(Ljava/util/Calendar;)V">
							<lines>
								<line branch="false" hits="12" number="176" />
								<line branch="false" hits="12" number="177" />
								<line branch="false" hits="12" number="178" />
							</lines>
						</method>
						</methods>
					</class>
			</classes>
		</package>
	</packages>
</coverage>