<coverage branch-rate="0.02586206896551724" branches-covered="6" branches-valid="232" complexity="2.75" line-rate="0.10884353741496598" lines-covered="48" lines-valid="441" timestamp="1624283670658" version="2.0.3">
	<sources>
		<source>source</source>
	</sources>
	<packages>
		<package branch-rate="1.0" complexity="1.0" line-rate="1.0" name="org.jfree.chart.util">
			<classes>
				<class branch-rate="1.0" complexity="1.0" filename="org/jfree/chart/util/PublicCloneable.java" line-rate="1.0" name="org.jfree.chart.util.PublicCloneable">
					<methods>
					</methods>
					</class>
			</classes>
		</package>
		<package branch-rate="0.0" complexity="3.0454545454545454" line-rate="0.0" name="org.jfree.data">
			<classes>
				<class branch-rate="0.0" complexity="2.5" filename="org/jfree/data/KeyedObject.java" line-rate="0.0" name="org.jfree.data.KeyedObject">
					<methods>
						</methods>
					</class>
				<class branch-rate="0.0" complexity="3.25" filename="org/jfree/data/KeyedObjects.java" line-rate="0.0" name="org.jfree.data.KeyedObjects">
					<methods>
						</methods>
					</class>
				<class branch-rate="0.0" complexity="3.142857142857143" filename="org/jfree/data/KeyedObjects2D.java" line-rate="0.0" name="org.jfree.data.KeyedObjects2D">
					<methods>
						</methods>
					</class>
				<class branch-rate="1.0" complexity="1.0" filename="org/jfree/data/UnknownKeyException.java" line-rate="0.0" name="org.jfree.data.UnknownKeyException">
					<methods>
						</methods>
					</class>
			</classes>
		</package>
		<package branch-rate="0.05172413793103448" complexity="2.488372093023256" line-rate="0.24615384615384617" name="org.jfree.data.time">
			<classes>
				<class branch-rate="1.0" complexity="0.0" filename="org/jfree/data/time/MonthConstants.java" line-rate="1.0" name="org.jfree.data.time.MonthConstants">
					<methods>
					</methods>
					</class>
				<class branch-rate="0.0" complexity="2.0" filename="org/jfree/data/time/RegularTimePeriod.java" line-rate="0.06060606060606061" name="org.jfree.data.time.RegularTimePeriod">
					<methods>
						<method branch-rate="1.0" line-rate="1.0" name="&lt;clinit&gt;" signature="()V">
							<lines>
								<line branch="false" hits="1" number="163" />
							</lines>
						</method>
						<method branch-rate="1.0" line-rate="1.0" name="&lt;init&gt;" signature="()V">
							<lines>
								<line branch="false" hits="6" number="72" />
							</lines>
						</method>
						</methods>
					</class>
				<class branch-rate="1.0" complexity="1.0" filename="org/jfree/data/time/TimePeriod.java" line-rate="1.0" name="org.jfree.data.time.TimePeriod">
					<methods>
					</methods>
					</class>
				<class branch-rate="1.0" complexity="1.0" filename="org/jfree/data/time/TimePeriodFormatException.java" line-rate="0.0" name="org.jfree.data.time.TimePeriodFormatException">
					<methods>
						</methods>
					</class>
				<class branch-rate="0.08823529411764706" complexity="2.96" filename="org/jfree/data/time/Week.java" line-rate="0.2875" name="org.jfree.data.time.Week">
					<methods>
						<method branch-rate="0.25" line-rate="0.8571428571428571" name="&lt;init&gt;" signature="(II)V">
							<lines>
								<line branch="false" hits="4" number="128" />
								<line branch="true" condition-coverage="25% (1/4)" hits="4" number="129">
									<conditions>
										<condition coverage="50%" number="0" type="jump" />
										<condition coverage="0%" number="1" type="jump" />
									</conditions>
								</line>
								<line branch="false" hits="4" number="133" />
								<line branch="false" hits="4" number="134" />
								<line branch="false" hits="4" number="135" />
								<line branch="false" hits="4" number="136" />
							</lines>
						</method>
						<method branch-rate="1.0" line-rate="1.0" name="&lt;init&gt;" signature="(Ljava/util/Date;Ljava/util/TimeZone;)V">
							<lines>
								<line branch="false" hits="2" number="176" />
								<line branch="false" hits="2" number="177" />
							</lines>
						</method>
						<method branch-rate="0.35714285714285715" line-rate="0.7" name="&lt;init&gt;" signature="(Ljava/util/Date;Ljava/util/TimeZone;Ljava/util/Locale;)V">
							<lines>
								<line branch="false" hits="2" number="189" />
								<line branch="true" condition-coverage="50% (1/2)" hits="2" number="190">
									<conditions>
										<condition coverage="50%" number="0" type="jump" />
									</conditions>
								</line>
								<line branch="true" condition-coverage="50% (1/2)" hits="2" number="193">
									<conditions>
										<condition coverage="50%" number="0" type="jump" />
									</conditions>
								</line>
								<line branch="true" condition-coverage="50% (1/2)" hits="2" number="196">
									<conditions>
										<condition coverage="50%" number="0" type="jump" />
									</conditions>
								</line>
								<line branch="false" hits="2" number="199" />
								<line branch="false" hits="2" number="200" />
								<line branch="false" hits="2" number="205" />
								<line branch="true" condition-coverage="25% (1/4)" hits="2" number="206">
									<conditions>
										<condition coverage="50%" number="0" type="jump" />
										<condition coverage="0%" number="1" type="jump" />
									</conditions>
								</line>
								<line branch="false" hits="2" number="212" />
								<line branch="false" hits="2" number="213" />
								<line branch="true" condition-coverage="25% (1/4)" hits="2" number="216">
									<conditions>
										<condition coverage="50%" number="0" type="jump" />
										<condition coverage="0%" number="1" type="jump" />
									</conditions>
								</line>
								<line branch="false" hits="2" number="220" />
								<line branch="false" hits="2" number="222" />
								<line branch="false" hits="2" number="223" />
							</lines>
						</method>
						<method branch-rate="1.0" line-rate="1.0" name="getFirstMillisecond" signature="(Ljava/util/Calendar;)J">
							<lines>
								<line branch="false" hits="6" number="381" />
								<line branch="false" hits="6" number="382" />
								<line branch="false" hits="6" number="383" />
								<line branch="false" hits="6" number="384" />
								<line branch="false" hits="6" number="385" />
								<line branch="false" hits="6" number="386" />
								<line branch="false" hits="6" number="387" />
								<line branch="false" hits="6" number="388" />
								<line branch="false" hits="6" number="389" />
								<line branch="false" hits="6" number="391" />
							</lines>
						</method>
						<method branch-rate="1.0" line-rate="1.0" name="getLastMillisecond" signature="(Ljava/util/Calendar;)J">
							<lines>
								<line branch="false" hits="6" number="406" />
								<line branch="false" hits="6" number="407" />
								<line branch="false" hits="6" number="408" />
								<line branch="false" hits="6" number="409" />
								<line branch="false" hits="6" number="410" />
								<line branch="false" hits="6" number="411" />
								<line branch="false" hits="6" number="412" />
								<line branch="false" hits="6" number="413" />
								<line branch="false" hits="6" number="414" />
								<line branch="false" hits="6" number="416" />
							</lines>
						</method>
						<method branch-rate="1.0" line-rate="1.0" name="getWeek" signature="()I">
							<lines>
								<line branch="false" hits="2" number="249" />
							</lines>
						</method>
						<method branch-rate="1.0" line-rate="1.0" name="peg" signature="(Ljava/util/Calendar;)V">
							<lines>
								<line branch="false" hits="6" number="289" />
								<line branch="false" hits="6" number="290" />
								<line branch="false" hits="6" number="291" />
							</lines>
						</method>
						</methods>
					</class>
			</classes>
		</package>
	</packages>
</coverage>